<?xml version="1.0" encoding="UTF-8"?>
<!-- Generated by org.testng.reporters.JUnitReportReporter -->
<testsuite hostname="Roushan" failures="0" tests="3" name="api.test.DataDrivenTest" time="5.881" errors="0" timestamp="2025-06-19T23:38:33 IST" skipped="0">
  <testcase classname="api.test.DataDrivenTest" name="testPostuser" time="1.226"/>
  <testcase classname="api.test.DataDrivenTest" name="testPostuser" time="1.216"/>
  <testcase classname="api.test.DataDrivenTest" name="testPostuser" time="3.439"/>
</testsuite> <!-- api.test.DataDrivenTest -->
