<?xml version="1.0" encoding="UTF-8"?>
<!-- Generated by org.testng.reporters.JUnitReportReporter -->
<testsuite hostname="Roushan" failures="0" tests="4" name="api.test.UserTest2" time="9.101" errors="0" timestamp="2025-02-27T11:11:07 IST" skipped="0">
  <testcase classname="api.test.UserTest2" name="TestPostUser" time="3.421"/>
  <testcase classname="api.test.UserTest2" name="TestGetUserByName" time="1.469"/>
  <testcase classname="api.test.UserTest2" name="testUpdateUserByName" time="2.804"/>
  <testcase classname="api.test.UserTest2" name="testDeleteUserByName" time="1.407"/>
</testsuite> <!-- api.test.UserTest2 -->
