<?xml version="1.0" encoding="UTF-8"?>
<!-- Generated by org.testng.reporters.JUnitReportReporter -->
<testsuite hostname="Roushan" failures="0" tests="12" name="api.test.UserTest2" time="27.610" errors="0" timestamp="2025-02-27T11:27:11 IST" skipped="0">
  <testcase classname="api.test.UserTest2" name="testPostUser" time="3.797"/>
  <testcase classname="api.test.UserTest2" name="testPostUser" time="1.403"/>
  <testcase classname="api.test.UserTest2" name="testPostUser" time="1.409"/>
  <testcase classname="api.test.UserTest2" name="testGetUserByName" time="1.384"/>
  <testcase classname="api.test.UserTest2" name="testGetUserByName" time="1.449"/>
  <testcase classname="api.test.UserTest2" name="testGetUserByName" time="1.400"/>
  <testcase classname="api.test.UserTest2" name="testUpdateUserByName" time="3.147"/>
  <testcase classname="api.test.UserTest2" name="testUpdateUserByName" time="4.427"/>
  <testcase classname="api.test.UserTest2" name="testUpdateUserByName" time="5.019"/>
  <testcase classname="api.test.UserTest2" name="testDeleteUserByName" time="1.406"/>
  <testcase classname="api.test.UserTest2" name="testDeleteUserByName" time="1.372"/>
  <testcase classname="api.test.UserTest2" name="testDeleteUserByName" time="1.397"/>
</testsuite> <!-- api.test.UserTest2 -->
