<?xml version="1.0" encoding="UTF-8"?>
<!-- Generated by org.testng.reporters.JUnitReportReporter -->
<testsuite hostname="Roushan" failures="0" tests="4" name="api.test.UserTest2" time="8.312" errors="0" timestamp="2025-02-25T04:44:05 IST" skipped="0">
  <testcase classname="api.test.UserTest2" name="TestPostUser" time="3.393"/>
  <testcase classname="api.test.UserTest2" name="TestGetUserByName" time="1.228"/>
  <testcase classname="api.test.UserTest2" name="testUpdateUserByName" time="2.463"/>
  <testcase classname="api.test.UserTest2" name="testDeleteUserByName" time="1.228"/>
</testsuite> <!-- api.test.UserTest2 -->
